[0.009s] Invoking command in '/home/cali/ws_sensor_combined/build/px4_ros_com': AMENT_PREFIX_PATH=/home/cali/ws_sensor_combined/install/px4_msgs:${AMENT_PREFIX_PATH} CMAKE_PREFIX_PATH=/home/cali/ws_sensor_combined/install/px4_msgs:/opt/ros/humble LD_LIBRARY_PATH=/home/cali/ws_sensor_combined/install/px4_msgs/lib:${LD_LIBRARY_PATH} PYTHONPATH=/home/cali/ws_sensor_combined/install/px4_msgs/local/lib/python3.10/dist-packages:${PYTHONPATH} /usr/bin/cmake /home/cali/ws_sensor_combined/src/px4_ros_com -DCMAKE_INSTALL_PREFIX=/home/cali/ws_sensor_combined/install/px4_ros_com
[0.078s] -- The C compiler identification is GNU 11.4.0
[0.156s] -- The CXX compiler identification is GNU 11.4.0
[0.169s] -- Detecting C compiler ABI info
[0.240s] -- Detecting C compiler ABI info - done
[0.252s] -- Check for working C compiler: /usr/lib/ccache/cc - skipped
[0.252s] -- Detecting C compile features
[0.252s] -- Detecting C compile features - done
[0.256s] -- Detecting CXX compiler ABI info
[0.340s] -- Detecting CXX compiler ABI info - done
[0.355s] -- Check for working CXX compiler: /usr/lib/ccache/c++ - skipped
[0.355s] -- Detecting CXX compile features
[0.356s] -- Detecting CXX compile features - done
[0.358s] -- Found ament_cmake: 1.3.10 (/opt/ros/humble/share/ament_cmake/cmake)
[0.559s] -- Found Python3: /usr/bin/python3 (found version "3.10.12") found components: Interpreter 
[0.668s] -- Found builtin_interfaces: 1.2.1 (/opt/ros/humble/share/builtin_interfaces/cmake)
[0.708s] -- Found rosidl_generator_c: 3.1.5 (/opt/ros/humble/share/rosidl_generator_c/cmake)
[0.715s] -- Found rosidl_adapter: 3.1.5 (/opt/ros/humble/share/rosidl_adapter/cmake)
[0.725s] -- Found rosidl_generator_cpp: 3.1.5 (/opt/ros/humble/share/rosidl_generator_cpp/cmake)
[0.743s] -- Using all available rosidl_typesupport_c: rosidl_typesupport_fastrtps_c;rosidl_typesupport_introspection_c
[0.768s] -- Using all available rosidl_typesupport_cpp: rosidl_typesupport_fastrtps_cpp;rosidl_typesupport_introspection_cpp
[0.792s] -- Found eigen3_cmake_module: 0.1.1 (/opt/ros/humble/share/eigen3_cmake_module/cmake)
[0.804s] -- Found Eigen3: TRUE (found version "3.4.0") 
[0.806s] -- Found geometry_msgs: 4.2.4 (/opt/ros/humble/share/geometry_msgs/cmake)
[0.860s] -- Found px4_msgs: 2.0.1 (/home/cali/ws_sensor_combined/install/px4_msgs/share/px4_msgs/cmake)
[0.876s] -- Found rclcpp: 16.0.10 (/opt/ros/humble/share/rclcpp/cmake)
[0.938s] -- Found rmw_implementation_cmake: 6.1.2 (/opt/ros/humble/share/rmw_implementation_cmake/cmake)
[0.942s] -- Found rmw_fastrtps_cpp: 6.2.7 (/opt/ros/humble/share/rmw_fastrtps_cpp/cmake)
[1.067s] -- Found OpenSSL: /usr/lib/x86_64-linux-gnu/libcrypto.so (found version "3.0.2")  
[1.106s] -- Found FastRTPS: /opt/ros/humble/include  
[1.161s] -- Using RMW implementation 'rmw_fastrtps_cpp' as default
[1.174s] -- Looking for pthread.h
[1.279s] -- Looking for pthread.h - found
[1.280s] -- Performing Test CMAKE_HAVE_LIBC_PTHREAD
[1.385s] -- Performing Test CMAKE_HAVE_LIBC_PTHREAD - Success
[1.386s] -- Found Threads: TRUE  
[1.456s] -- Found sensor_msgs: 4.2.4 (/opt/ros/humble/share/sensor_msgs/cmake)
[1.490s] -- Found rclpy: 3.3.14 (/opt/ros/humble/share/rclpy/cmake)
[1.502s] -- Found ament_lint_auto: 0.12.11 (/opt/ros/humble/share/ament_lint_auto/cmake)
[1.641s] -- Added test 'copyright' to check source files copyright and LICENSE
[1.648s] -- Added test 'cppcheck' to perform static code analysis on C / C++ code
[1.649s] -- Configured cppcheck include dirs: /home/cali/ws_sensor_combined/src/px4_ros_com/include;$<BUILD_INTERFACE:/home/cali/ws_sensor_combined/src/px4_ros_com/include/px4_ros_com>
[1.649s] -- Configured cppcheck exclude dirs and/or files: 
[1.655s] -- Added test 'cpplint' to check C / C++ code against the Google style
[1.655s] -- Configured cpplint exclude dirs and/or files: 
[1.657s] -- Added test 'flake8' to check Python code syntax and style conventions
[1.659s] -- Added test 'lint_cmake' to check CMake code style
[1.660s] -- Added test 'pep257' to check Python code against some of the docstring style conventions in PEP 257
[1.667s] -- Added test 'uncrustify' to check C / C++ code style
[1.667s] -- Configured uncrustify additional arguments: 
[1.668s] -- Added test 'xmllint' to check XML markup files
[1.671s] -- Configuring done
[1.705s] -- Generating done
[1.707s] -- Build files have been written to: /home/cali/ws_sensor_combined/build/px4_ros_com
[1.722s] Invoked command in '/home/cali/ws_sensor_combined/build/px4_ros_com' returned '0': AMENT_PREFIX_PATH=/home/cali/ws_sensor_combined/install/px4_msgs:${AMENT_PREFIX_PATH} CMAKE_PREFIX_PATH=/home/cali/ws_sensor_combined/install/px4_msgs:/opt/ros/humble LD_LIBRARY_PATH=/home/cali/ws_sensor_combined/install/px4_msgs/lib:${LD_LIBRARY_PATH} PYTHONPATH=/home/cali/ws_sensor_combined/install/px4_msgs/local/lib/python3.10/dist-packages:${PYTHONPATH} /usr/bin/cmake /home/cali/ws_sensor_combined/src/px4_ros_com -DCMAKE_INSTALL_PREFIX=/home/cali/ws_sensor_combined/install/px4_ros_com
[1.724s] Invoking command in '/home/cali/ws_sensor_combined/build/px4_ros_com': AMENT_PREFIX_PATH=/home/cali/ws_sensor_combined/install/px4_msgs:${AMENT_PREFIX_PATH} CMAKE_PREFIX_PATH=/home/cali/ws_sensor_combined/install/px4_msgs:/opt/ros/humble LD_LIBRARY_PATH=/home/cali/ws_sensor_combined/install/px4_msgs/lib:${LD_LIBRARY_PATH} PYTHONPATH=/home/cali/ws_sensor_combined/install/px4_msgs/local/lib/python3.10/dist-packages:${PYTHONPATH} /usr/bin/cmake --build /home/cali/ws_sensor_combined/build/px4_ros_com -- -j8 -l8
[1.790s] [  8%] [32mBuilding CXX object CMakeFiles/vehicle_gps_position_listener.dir/src/examples/listeners/vehicle_gps_position_listener.cpp.o[0m
[1.791s] [ 16%] [32mBuilding CXX object CMakeFiles/sensor_combined_listener.dir/src/examples/listeners/sensor_combined_listener.cpp.o[0m
[1.791s] [ 25%] [32mBuilding CXX object CMakeFiles/offboard_control.dir/src/examples/offboard/offboard_control.cpp.o[0m
[1.793s] [ 33%] [32mBuilding CXX object CMakeFiles/frame_transforms.dir/src/lib/frame_transforms.cpp.o[0m
[1.796s] [ 41%] [32mBuilding CXX object CMakeFiles/debug_vect_advertiser.dir/src/examples/advertisers/debug_vect_advertiser.cpp.o[0m
[1.796s] [ 50%] [32mBuilding CXX object CMakeFiles/offboard_control_srv.dir/src/examples/offboard/offboard_control_srv.cpp.o[0m
[1.809s] [ 50%] Built target ament_cmake_python_copy_px4_ros_com
[2.487s] running egg_info
[2.488s] creating px4_ros_com.egg-info
[2.488s] writing px4_ros_com.egg-info/PKG-INFO
[2.488s] writing dependency_links to px4_ros_com.egg-info/dependency_links.txt
[2.488s] writing top-level names to px4_ros_com.egg-info/top_level.txt
[2.489s] writing manifest file 'px4_ros_com.egg-info/SOURCES.txt'
[2.494s] reading manifest file 'px4_ros_com.egg-info/SOURCES.txt'
[2.496s] writing manifest file 'px4_ros_com.egg-info/SOURCES.txt'
[2.553s] [ 50%] Built target ament_cmake_python_build_px4_ros_com_egg
[15.396s] [ 58%] [32m[1mLinking CXX executable debug_vect_advertiser[0m
[16.096s] [ 58%] Built target debug_vect_advertiser
[17.270s] [ 66%] [32m[1mLinking CXX executable offboard_control[0m
[17.921s] [ 66%] Built target offboard_control
[19.468s] [ 75%] [32m[1mLinking CXX executable offboard_control_srv[0m
[20.117s] [ 75%] Built target offboard_control_srv
[22.059s] [ 83%] [32m[1mLinking CXX shared library libframe_transforms.so[0m
[22.670s] [ 83%] Built target frame_transforms
[24.089s] [ 91%] [32m[1mLinking CXX executable sensor_combined_listener[0m
[24.141s] [100%] [32m[1mLinking CXX executable vehicle_gps_position_listener[0m
[24.877s] [100%] Built target sensor_combined_listener
[24.920s] [100%] Built target vehicle_gps_position_listener
[24.939s] Invoked command in '/home/cali/ws_sensor_combined/build/px4_ros_com' returned '0': AMENT_PREFIX_PATH=/home/cali/ws_sensor_combined/install/px4_msgs:${AMENT_PREFIX_PATH} CMAKE_PREFIX_PATH=/home/cali/ws_sensor_combined/install/px4_msgs:/opt/ros/humble LD_LIBRARY_PATH=/home/cali/ws_sensor_combined/install/px4_msgs/lib:${LD_LIBRARY_PATH} PYTHONPATH=/home/cali/ws_sensor_combined/install/px4_msgs/local/lib/python3.10/dist-packages:${PYTHONPATH} /usr/bin/cmake --build /home/cali/ws_sensor_combined/build/px4_ros_com -- -j8 -l8
[25.014s] Invoking command in '/home/cali/ws_sensor_combined/build/px4_ros_com': AMENT_PREFIX_PATH=/home/cali/ws_sensor_combined/install/px4_msgs:${AMENT_PREFIX_PATH} CMAKE_PREFIX_PATH=/home/cali/ws_sensor_combined/install/px4_msgs:/opt/ros/humble LD_LIBRARY_PATH=/home/cali/ws_sensor_combined/install/px4_msgs/lib:${LD_LIBRARY_PATH} PYTHONPATH=/home/cali/ws_sensor_combined/install/px4_msgs/local/lib/python3.10/dist-packages:${PYTHONPATH} /usr/bin/cmake --install /home/cali/ws_sensor_combined/build/px4_ros_com
[25.027s] -- Install configuration: ""
[25.028s] -- Installing: /home/cali/ws_sensor_combined/install/px4_ros_com/lib/px4_ros_com/sensor_combined_listener
[25.034s] -- Set runtime path of "/home/cali/ws_sensor_combined/install/px4_ros_com/lib/px4_ros_com/sensor_combined_listener" to ""
[25.034s] -- Installing: /home/cali/ws_sensor_combined/install/px4_ros_com/lib/px4_ros_com/vehicle_gps_position_listener
[25.039s] -- Set runtime path of "/home/cali/ws_sensor_combined/install/px4_ros_com/lib/px4_ros_com/vehicle_gps_position_listener" to ""
[25.039s] -- Installing: /home/cali/ws_sensor_combined/install/px4_ros_com/lib/px4_ros_com/debug_vect_advertiser
[25.041s] -- Set runtime path of "/home/cali/ws_sensor_combined/install/px4_ros_com/lib/px4_ros_com/debug_vect_advertiser" to ""
[25.041s] -- Installing: /home/cali/ws_sensor_combined/install/px4_ros_com/lib/px4_ros_com/offboard_control
[25.044s] -- Set runtime path of "/home/cali/ws_sensor_combined/install/px4_ros_com/lib/px4_ros_com/offboard_control" to ""
[25.045s] -- Installing: /home/cali/ws_sensor_combined/install/px4_ros_com/lib/px4_ros_com/offboard_control_srv
[25.047s] -- Set runtime path of "/home/cali/ws_sensor_combined/install/px4_ros_com/lib/px4_ros_com/offboard_control_srv" to ""
[25.048s] -- Installing: /home/cali/ws_sensor_combined/install/px4_ros_com/share/px4_ros_com/environment/library_path.sh
[25.048s] -- Installing: /home/cali/ws_sensor_combined/install/px4_ros_com/share/px4_ros_com/environment/library_path.dsv
[25.048s] -- Installing: /home/cali/ws_sensor_combined/install/px4_ros_com/include/px4_ros_com
[25.049s] -- Installing: /home/cali/ws_sensor_combined/install/px4_ros_com/include/px4_ros_com/frame_transforms.h
[25.049s] -- Installing: /home/cali/ws_sensor_combined/install/px4_ros_com/lib/libframe_transforms.so
[25.055s] -- Set runtime path of "/home/cali/ws_sensor_combined/install/px4_ros_com/lib/libframe_transforms.so" to ""
[25.056s] -- Installing: /home/cali/ws_sensor_combined/install/px4_ros_com/share/px4_ros_com//launch
[25.056s] -- Installing: /home/cali/ws_sensor_combined/install/px4_ros_com/share/px4_ros_com//launch/offboard_control_launch.yaml
[25.056s] -- Installing: /home/cali/ws_sensor_combined/install/px4_ros_com/share/px4_ros_com//launch/sensor_combined_listener.launch.py
[25.056s] -- Installing: /home/cali/ws_sensor_combined/install/px4_ros_com/share/px4_ros_com//test
[25.056s] -- Installing: /home/cali/ws_sensor_combined/install/px4_ros_com/share/px4_ros_com//test/__init__.py
[25.057s] -- Installing: /home/cali/ws_sensor_combined/install/px4_ros_com/share/px4_ros_com//test/test_input.py
[25.057s] -- Installing: /home/cali/ws_sensor_combined/install/px4_ros_com/share/px4_ros_com//test/test_output.py
[25.057s] -- Installing: /home/cali/ws_sensor_combined/install/px4_ros_com/share/px4_ros_com//test/pipeline_io_test.py
[25.057s] -- Installing: /home/cali/ws_sensor_combined/install/px4_ros_com/share/px4_ros_com/environment/pythonpath.sh
[25.057s] -- Installing: /home/cali/ws_sensor_combined/install/px4_ros_com/share/px4_ros_com/environment/pythonpath.dsv
[25.058s] -- Installing: /home/cali/ws_sensor_combined/install/px4_ros_com/local/lib/python3.10/dist-packages/px4_ros_com-0.1.0-py3.10.egg-info
[25.058s] -- Installing: /home/cali/ws_sensor_combined/install/px4_ros_com/local/lib/python3.10/dist-packages/px4_ros_com-0.1.0-py3.10.egg-info/PKG-INFO
[25.058s] -- Installing: /home/cali/ws_sensor_combined/install/px4_ros_com/local/lib/python3.10/dist-packages/px4_ros_com-0.1.0-py3.10.egg-info/dependency_links.txt
[25.058s] -- Installing: /home/cali/ws_sensor_combined/install/px4_ros_com/local/lib/python3.10/dist-packages/px4_ros_com-0.1.0-py3.10.egg-info/top_level.txt
[25.059s] -- Installing: /home/cali/ws_sensor_combined/install/px4_ros_com/local/lib/python3.10/dist-packages/px4_ros_com-0.1.0-py3.10.egg-info/SOURCES.txt
[25.059s] -- Installing: /home/cali/ws_sensor_combined/install/px4_ros_com/local/lib/python3.10/dist-packages/px4_ros_com
[25.059s] -- Installing: /home/cali/ws_sensor_combined/install/px4_ros_com/local/lib/python3.10/dist-packages/px4_ros_com/module_to_import.py
[25.059s] -- Installing: /home/cali/ws_sensor_combined/install/px4_ros_com/local/lib/python3.10/dist-packages/px4_ros_com/__init__.py
[25.129s] Listing '/home/cali/ws_sensor_combined/install/px4_ros_com/local/lib/python3.10/dist-packages/px4_ros_com'...
[25.129s] Compiling '/home/cali/ws_sensor_combined/install/px4_ros_com/local/lib/python3.10/dist-packages/px4_ros_com/__init__.py'...
[25.129s] Compiling '/home/cali/ws_sensor_combined/install/px4_ros_com/local/lib/python3.10/dist-packages/px4_ros_com/module_to_import.py'...
[25.141s] -- Installing: /home/cali/ws_sensor_combined/install/px4_ros_com/lib/px4_ros_com/offboard_control.py
[25.142s] -- Installing: /home/cali/ws_sensor_combined/install/px4_ros_com/share/ament_index/resource_index/package_run_dependencies/px4_ros_com
[25.142s] -- Installing: /home/cali/ws_sensor_combined/install/px4_ros_com/share/ament_index/resource_index/parent_prefix_path/px4_ros_com
[25.142s] -- Installing: /home/cali/ws_sensor_combined/install/px4_ros_com/share/px4_ros_com/environment/ament_prefix_path.sh
[25.143s] -- Installing: /home/cali/ws_sensor_combined/install/px4_ros_com/share/px4_ros_com/environment/ament_prefix_path.dsv
[25.143s] -- Installing: /home/cali/ws_sensor_combined/install/px4_ros_com/share/px4_ros_com/environment/path.sh
[25.143s] -- Installing: /home/cali/ws_sensor_combined/install/px4_ros_com/share/px4_ros_com/environment/path.dsv
[25.143s] -- Installing: /home/cali/ws_sensor_combined/install/px4_ros_com/share/px4_ros_com/local_setup.bash
[25.144s] -- Installing: /home/cali/ws_sensor_combined/install/px4_ros_com/share/px4_ros_com/local_setup.sh
[25.144s] -- Installing: /home/cali/ws_sensor_combined/install/px4_ros_com/share/px4_ros_com/local_setup.zsh
[25.144s] -- Installing: /home/cali/ws_sensor_combined/install/px4_ros_com/share/px4_ros_com/local_setup.dsv
[25.145s] -- Installing: /home/cali/ws_sensor_combined/install/px4_ros_com/share/px4_ros_com/package.dsv
[25.145s] -- Installing: /home/cali/ws_sensor_combined/install/px4_ros_com/share/ament_index/resource_index/packages/px4_ros_com
[25.146s] -- Installing: /home/cali/ws_sensor_combined/install/px4_ros_com/share/px4_ros_com/cmake/export_frame_transformsExport.cmake
[25.146s] -- Installing: /home/cali/ws_sensor_combined/install/px4_ros_com/share/px4_ros_com/cmake/export_frame_transformsExport-noconfig.cmake
[25.147s] -- Installing: /home/cali/ws_sensor_combined/install/px4_ros_com/share/px4_ros_com/cmake/ament_cmake_export_dependencies-extras.cmake
[25.147s] -- Installing: /home/cali/ws_sensor_combined/install/px4_ros_com/share/px4_ros_com/cmake/ament_cmake_export_targets-extras.cmake
[25.147s] -- Installing: /home/cali/ws_sensor_combined/install/px4_ros_com/share/px4_ros_com/cmake/ament_cmake_export_include_directories-extras.cmake
[25.148s] -- Installing: /home/cali/ws_sensor_combined/install/px4_ros_com/share/px4_ros_com/cmake/ament_cmake_export_libraries-extras.cmake
[25.148s] -- Installing: /home/cali/ws_sensor_combined/install/px4_ros_com/share/px4_ros_com/cmake/px4_ros_comConfig.cmake
[25.149s] -- Installing: /home/cali/ws_sensor_combined/install/px4_ros_com/share/px4_ros_com/cmake/px4_ros_comConfig-version.cmake
[25.149s] -- Installing: /home/cali/ws_sensor_combined/install/px4_ros_com/share/px4_ros_com/package.xml
[25.154s] Invoked command in '/home/cali/ws_sensor_combined/build/px4_ros_com' returned '0': AMENT_PREFIX_PATH=/home/cali/ws_sensor_combined/install/px4_msgs:${AMENT_PREFIX_PATH} CMAKE_PREFIX_PATH=/home/cali/ws_sensor_combined/install/px4_msgs:/opt/ros/humble LD_LIBRARY_PATH=/home/cali/ws_sensor_combined/install/px4_msgs/lib:${LD_LIBRARY_PATH} PYTHONPATH=/home/cali/ws_sensor_combined/install/px4_msgs/local/lib/python3.10/dist-packages:${PYTHONPATH} /usr/bin/cmake --install /home/cali/ws_sensor_combined/build/px4_ros_com
