[0.013s] Invoking command in '/home/cali/ws_sensor_combined/build/px4_msgs': CMAKE_PREFIX_PATH=/opt/ros/humble /usr/bin/cmake --build /home/cali/ws_sensor_combined/build/px4_msgs -- -j8 -l8
[0.967s] [  0%] Built target px4_msgs__cpp
[1.011s] [  0%] Built target ament_cmake_python_copy_px4_msgs
[1.038s] [ 12%] Built target px4_msgs__rosidl_generator_c
[1.163s] [ 25%] Built target px4_msgs__rosidl_typesupport_c
[1.190s] [ 37%] Built target px4_msgs__rosidl_typesupport_cpp
[1.210s] [ 50%] Built target px4_msgs__rosidl_typesupport_introspection_c
[1.212s] [ 63%] Built target px4_msgs__rosidl_typesupport_introspection_cpp
[1.260s] [ 75%] Built target px4_msgs__rosidl_typesupport_fastrtps_cpp
[1.280s] [ 88%] Built target px4_msgs__rosidl_typesupport_fastrtps_c
[1.306s] [ 88%] Built target px4_msgs
[1.345s] [ 88%] Built target px4_msgs__py
[1.412s] running egg_info
[1.439s] writing px4_msgs.egg-info/PKG-INFO
[1.440s] writing dependency_links to px4_msgs.egg-info/dependency_links.txt
[1.440s] writing top-level names to px4_msgs.egg-info/top_level.txt
[1.501s] [100%] Built target px4_msgs__rosidl_generator_py
[1.526s] [100%] [32mBuilding C object CMakeFiles/px4_msgs__rosidl_typesupport_fastrtps_c__pyext.dir/rosidl_generator_py/px4_msgs/_px4_msgs_s.ep.rosidl_typesupport_fastrtps_c.c.o[0m
[1.528s] reading manifest file 'px4_msgs.egg-info/SOURCES.txt'
[1.528s] [100%] [32mBuilding C object CMakeFiles/px4_msgs__rosidl_typesupport_c__pyext.dir/rosidl_generator_py/px4_msgs/_px4_msgs_s.ep.rosidl_typesupport_c.c.o[0m
[1.531s] [100%] [32mBuilding C object CMakeFiles/px4_msgs__rosidl_typesupport_introspection_c__pyext.dir/rosidl_generator_py/px4_msgs/_px4_msgs_s.ep.rosidl_typesupport_introspection_c.c.o[0m
[1.556s] Traceback (most recent call last):
[1.556s]   File "/home/cali/ws_sensor_combined/build/px4_msgs/ament_cmake_python/px4_msgs/setup.py", line 4, in <module>
[1.556s]     setup(
[1.556s]   File "/home/cali/.local/lib/python3.10/site-packages/setuptools/__init__.py", line 117, in setup
[1.557s]     return distutils.core.setup(**attrs)
[1.557s]   File "/home/cali/.local/lib/python3.10/site-packages/setuptools/_distutils/core.py", line 183, in setup
[1.557s]     return run_commands(dist)
[1.557s]   File "/home/cali/.local/lib/python3.10/site-packages/setuptools/_distutils/core.py", line 199, in run_commands
[1.557s]     dist.run_commands()
[1.557s]   File "/home/cali/.local/lib/python3.10/site-packages/setuptools/_distutils/dist.py", line 954, in run_commands
[1.558s]     self.run_command(cmd)
[1.558s]   File "/home/cali/.local/lib/python3.10/site-packages/setuptools/dist.py", line 950, in run_command
[1.558s]     super().run_command(command)
[1.558s]   File "/home/cali/.local/lib/python3.10/site-packages/setuptools/_distutils/dist.py", line 973, in run_command
[1.558s]     cmd_obj.run()
[1.558s]   File "/home/cali/.local/lib/python3.10/site-packages/setuptools/command/egg_info.py", line 311, in run
[1.558s]     self.find_sources()
[1.559s]   File "/home/cali/.local/lib/python3.10/site-packages/setuptools/command/egg_info.py", line 319, in find_sources
[1.559s]     mm.run()
[1.559s]   File "/home/cali/.local/lib/python3.10/site-packages/setuptools/command/egg_info.py", line 545, in run
[1.559s]     self.prune_file_list()
[1.559s]   File "/home/cali/.local/lib/python3.10/site-packages/setuptools/command/sdist.py", line 161, in prune_file_list
[1.559s]     super().prune_file_list()
[1.560s]   File "/home/cali/.local/lib/python3.10/site-packages/setuptools/_distutils/command/sdist.py", line 380, in prune_file_list
[1.560s]     base_dir = self.distribution.get_fullname()
[1.560s]   File "/home/cali/.local/lib/python3.10/site-packages/setuptools/_core_metadata.py", line 267, in get_fullname
[1.560s]     return _distribution_fullname(self.get_name(), self.get_version())
[1.560s]   File "/home/cali/.local/lib/python3.10/site-packages/setuptools/_core_metadata.py", line 285, in _distribution_fullname
[1.560s]     canonicalize_version(version, strip_trailing_zero=False),
[1.560s] TypeError: canonicalize_version() got an unexpected keyword argument 'strip_trailing_zero'
[1.609s] gmake[2]: *** [CMakeFiles/ament_cmake_python_build_px4_msgs_egg.dir/build.make:70: CMakeFiles/ament_cmake_python_build_px4_msgs_egg] Error 1
[1.609s] gmake[1]: *** [CMakeFiles/Makefile2:447: CMakeFiles/ament_cmake_python_build_px4_msgs_egg.dir/all] Error 2
[1.610s] gmake[1]: *** Waiting for unfinished jobs....
[3.219s] [100%] [32m[1mLinking C shared library rosidl_generator_py/px4_msgs/px4_msgs_s__rosidl_typesupport_fastrtps_c.cpython-310-x86_64-linux-gnu.so[0m
[3.220s] [100%] [32m[1mLinking C shared library rosidl_generator_py/px4_msgs/px4_msgs_s__rosidl_typesupport_introspection_c.cpython-310-x86_64-linux-gnu.so[0m
[3.306s] [100%] [32m[1mLinking C shared library rosidl_generator_py/px4_msgs/px4_msgs_s__rosidl_typesupport_c.cpython-310-x86_64-linux-gnu.so[0m
[3.332s] [100%] Built target px4_msgs__rosidl_typesupport_fastrtps_c__pyext
[3.333s] [100%] Built target px4_msgs__rosidl_typesupport_introspection_c__pyext
[3.410s] [100%] Built target px4_msgs__rosidl_typesupport_c__pyext
[3.412s] gmake: *** [Makefile:146: all] Error 2
[3.417s] Invoked command in '/home/cali/ws_sensor_combined/build/px4_msgs' returned '2': CMAKE_PREFIX_PATH=/opt/ros/humble /usr/bin/cmake --build /home/cali/ws_sensor_combined/build/px4_msgs -- -j8 -l8
