[  0%] Built target ament_cmake_python_copy_px4_msgs
[  0%] Built target px4_msgs__cpp
[ 12%] Built target px4_msgs__rosidl_generator_c
[35m[1mConsolidate compiler generated dependencies of target px4_msgs__rosidl_typesupport_cpp[0m
[35m[1mConsolidate compiler generated dependencies of target px4_msgs__rosidl_typesupport_introspection_cpp[0m
[35m[1mConsolidate compiler generated dependencies of target px4_msgs__rosidl_typesupport_fastrtps_cpp[0m
[35m[1mConsolidate compiler generated dependencies of target px4_msgs__rosidl_typesupport_fastrtps_c[0m
[ 25%] Built target px4_msgs__rosidl_typesupport_introspection_cpp
[ 37%] Built target px4_msgs__rosidl_typesupport_cpp
[35m[1mConsolidate compiler generated dependencies of target px4_msgs__rosidl_typesupport_c[0m
[35m[1mConsolidate compiler generated dependencies of target px4_msgs__rosidl_typesupport_introspection_c[0m
running egg_info
writing px4_msgs.egg-info/PKG-INFO
writing dependency_links to px4_msgs.egg-info/dependency_links.txt
writing top-level names to px4_msgs.egg-info/top_level.txt
[ 49%] Built target px4_msgs__rosidl_typesupport_fastrtps_cpp
[ 62%] Built target px4_msgs__rosidl_typesupport_c
[ 75%] Built target px4_msgs__rosidl_typesupport_fastrtps_c
[ 88%] Built target px4_msgs__rosidl_typesupport_introspection_c
reading manifest file 'px4_msgs.egg-info/SOURCES.txt'
[ 88%] Built target px4_msgs
[ 88%] [34m[1mGenerating Python code for ROS interfaces[0m
[ 88%] Built target px4_msgs__py
