[0.154s] DEBUG:colcon:Command line arguments: ['/usr/bin/colcon', 'build']
[0.155s] DEBUG:colcon:Parsed command line arguments: Namespace(log_base=None, log_level=None, verb_name='build', build_base='build', install_base='install', merge_install=False, symlink_install=False, test_result_base=None, continue_on_error=False, executor='parallel', parallel_workers=8, event_handlers=None, ignore_user_meta=False, metas=['./colcon.meta'], base_paths=['.'], packages_ignore=None, packages_ignore_regex=None, paths=None, packages_up_to=None, packages_up_to_regex=None, packages_above=None, packages_above_and_dependencies=None, packages_above_depth=None, packages_select_by_dep=None, packages_skip_by_dep=None, packages_skip_up_to=None, packages_select_build_failed=False, packages_skip_build_finished=False, packages_select_test_failures=False, packages_skip_test_passed=False, packages_select=None, packages_skip=None, packages_select_regex=None, packages_skip_regex=None, packages_start=None, packages_end=None, allow_overriding=[], cmake_args=None, cmake_target=None, cmake_target_skip_unavailable=False, cmake_clean_cache=False, cmake_clean_first=False, cmake_force_configure=False, ament_cmake_args=None, catkin_cmake_args=None, catkin_skip_building_tests=False, mixin_files=None, mixin=None, verb_parser=<colcon_mixin.mixin.mixin_argument.MixinArgumentDecorator object at 0x7bc17ef532b0>, verb_extension=<colcon_core.verb.build.BuildVerb object at 0x7bc17ef52dd0>, main=<bound method BuildVerb.main of <colcon_core.verb.build.BuildVerb object at 0x7bc17ef52dd0>>, mixin_verb=('build',))
[0.446s] Level 1:colcon.colcon_core.package_discovery:discover_packages(colcon_meta) check parameters
[0.446s] Level 1:colcon.colcon_core.package_discovery:discover_packages(recursive) check parameters
[0.446s] Level 1:colcon.colcon_core.package_discovery:discover_packages(ignore) check parameters
[0.446s] Level 1:colcon.colcon_core.package_discovery:discover_packages(path) check parameters
[0.446s] Level 1:colcon.colcon_core.package_discovery:discover_packages(colcon_meta) discover
[0.446s] Level 1:colcon.colcon_core.package_discovery:discover_packages(recursive) discover
[0.446s] INFO:colcon.colcon_core.package_discovery:Crawling recursively for packages in '/home/cali/ws_sensor_combined'
[0.446s] Level 1:colcon.colcon_core.package_identification:_identify(.) by extensions ['ignore', 'ignore_ament_install']
[0.446s] Level 1:colcon.colcon_core.package_identification:_identify(.) by extension 'ignore'
[0.446s] Level 1:colcon.colcon_core.package_identification:_identify(.) by extension 'ignore_ament_install'
[0.446s] Level 1:colcon.colcon_core.package_identification:_identify(.) by extensions ['colcon_pkg']
[0.446s] Level 1:colcon.colcon_core.package_identification:_identify(.) by extension 'colcon_pkg'
[0.446s] Level 1:colcon.colcon_core.package_identification:_identify(.) by extensions ['colcon_meta']
[0.446s] Level 1:colcon.colcon_core.package_identification:_identify(.) by extension 'colcon_meta'
[0.447s] Level 1:colcon.colcon_core.package_identification:_identify(.) by extensions ['ros']
[0.447s] Level 1:colcon.colcon_core.package_identification:_identify(.) by extension 'ros'
[0.475s] Level 1:colcon.colcon_core.package_identification:_identify(.) by extensions ['cmake', 'python']
[0.475s] Level 1:colcon.colcon_core.package_identification:_identify(.) by extension 'cmake'
[0.475s] Level 1:colcon.colcon_core.package_identification:_identify(.) by extension 'python'
[0.475s] Level 1:colcon.colcon_core.package_identification:_identify(.) by extensions ['python_setup_py']
[0.475s] Level 1:colcon.colcon_core.package_identification:_identify(.) by extension 'python_setup_py'
[0.476s] Level 1:colcon.colcon_core.package_identification:_identify(build) by extensions ['ignore', 'ignore_ament_install']
[0.476s] Level 1:colcon.colcon_core.package_identification:_identify(build) by extension 'ignore'
[0.476s] Level 1:colcon.colcon_core.package_identification:_identify(build) ignored
[0.476s] Level 1:colcon.colcon_core.package_identification:_identify(install) by extensions ['ignore', 'ignore_ament_install']
[0.476s] Level 1:colcon.colcon_core.package_identification:_identify(install) by extension 'ignore'
[0.476s] Level 1:colcon.colcon_core.package_identification:_identify(install) ignored
[0.476s] Level 1:colcon.colcon_core.package_identification:_identify(log) by extensions ['ignore', 'ignore_ament_install']
[0.476s] Level 1:colcon.colcon_core.package_identification:_identify(log) by extension 'ignore'
[0.476s] Level 1:colcon.colcon_core.package_identification:_identify(log) ignored
[0.477s] Level 1:colcon.colcon_core.package_identification:_identify(src) by extensions ['ignore', 'ignore_ament_install']
[0.477s] Level 1:colcon.colcon_core.package_identification:_identify(src) by extension 'ignore'
[0.477s] Level 1:colcon.colcon_core.package_identification:_identify(src) by extension 'ignore_ament_install'
[0.477s] Level 1:colcon.colcon_core.package_identification:_identify(src) by extensions ['colcon_pkg']
[0.477s] Level 1:colcon.colcon_core.package_identification:_identify(src) by extension 'colcon_pkg'
[0.477s] Level 1:colcon.colcon_core.package_identification:_identify(src) by extensions ['colcon_meta']
[0.477s] Level 1:colcon.colcon_core.package_identification:_identify(src) by extension 'colcon_meta'
[0.477s] Level 1:colcon.colcon_core.package_identification:_identify(src) by extensions ['ros']
[0.477s] Level 1:colcon.colcon_core.package_identification:_identify(src) by extension 'ros'
[0.477s] Level 1:colcon.colcon_core.package_identification:_identify(src) by extensions ['cmake', 'python']
[0.477s] Level 1:colcon.colcon_core.package_identification:_identify(src) by extension 'cmake'
[0.477s] Level 1:colcon.colcon_core.package_identification:_identify(src) by extension 'python'
[0.477s] Level 1:colcon.colcon_core.package_identification:_identify(src) by extensions ['python_setup_py']
[0.477s] Level 1:colcon.colcon_core.package_identification:_identify(src) by extension 'python_setup_py'
[0.477s] Level 1:colcon.colcon_core.package_identification:_identify(src/px4_msgs) by extensions ['ignore', 'ignore_ament_install']
[0.478s] Level 1:colcon.colcon_core.package_identification:_identify(src/px4_msgs) by extension 'ignore'
[0.478s] Level 1:colcon.colcon_core.package_identification:_identify(src/px4_msgs) by extension 'ignore_ament_install'
[0.478s] Level 1:colcon.colcon_core.package_identification:_identify(src/px4_msgs) by extensions ['colcon_pkg']
[0.478s] Level 1:colcon.colcon_core.package_identification:_identify(src/px4_msgs) by extension 'colcon_pkg'
[0.478s] Level 1:colcon.colcon_core.package_identification:_identify(src/px4_msgs) by extensions ['colcon_meta']
[0.478s] Level 1:colcon.colcon_core.package_identification:_identify(src/px4_msgs) by extension 'colcon_meta'
[0.478s] Level 1:colcon.colcon_core.package_identification:_identify(src/px4_msgs) by extensions ['ros']
[0.478s] Level 1:colcon.colcon_core.package_identification:_identify(src/px4_msgs) by extension 'ros'
[0.481s] DEBUG:colcon.colcon_core.package_identification:Package 'src/px4_msgs' with type 'ros.ament_cmake' and name 'px4_msgs'
[0.482s] Level 1:colcon.colcon_core.package_identification:_identify(src/px4_ros_com) by extensions ['ignore', 'ignore_ament_install']
[0.482s] Level 1:colcon.colcon_core.package_identification:_identify(src/px4_ros_com) by extension 'ignore'
[0.482s] Level 1:colcon.colcon_core.package_identification:_identify(src/px4_ros_com) by extension 'ignore_ament_install'
[0.482s] Level 1:colcon.colcon_core.package_identification:_identify(src/px4_ros_com) by extensions ['colcon_pkg']
[0.482s] Level 1:colcon.colcon_core.package_identification:_identify(src/px4_ros_com) by extension 'colcon_pkg'
[0.482s] Level 1:colcon.colcon_core.package_identification:_identify(src/px4_ros_com) by extensions ['colcon_meta']
[0.482s] Level 1:colcon.colcon_core.package_identification:_identify(src/px4_ros_com) by extension 'colcon_meta'
[0.482s] Level 1:colcon.colcon_core.package_identification:_identify(src/px4_ros_com) by extensions ['ros']
[0.483s] Level 1:colcon.colcon_core.package_identification:_identify(src/px4_ros_com) by extension 'ros'
[0.484s] DEBUG:colcon.colcon_core.package_identification:Package 'src/px4_ros_com' with type 'ros.ament_cmake' and name 'px4_ros_com'
[0.484s] Level 1:colcon.colcon_core.package_discovery:discover_packages(recursive) using defaults
[0.484s] Level 1:colcon.colcon_core.package_discovery:discover_packages(ignore) discover
[0.484s] Level 1:colcon.colcon_core.package_discovery:discover_packages(ignore) using defaults
[0.484s] Level 1:colcon.colcon_core.package_discovery:discover_packages(path) discover
[0.484s] Level 1:colcon.colcon_core.package_discovery:discover_packages(path) using defaults
[0.514s] Level 1:colcon.colcon_core.package_discovery:discover_packages(prefix_path) check parameters
[0.514s] Level 1:colcon.colcon_core.package_discovery:discover_packages(prefix_path) discover
[0.517s] DEBUG:colcon.colcon_installed_package_information.package_discovery:Found 273 installed packages in /opt/ros/humble
[0.518s] Level 1:colcon.colcon_core.package_discovery:discover_packages(prefix_path) using defaults
[0.571s] Level 5:colcon.colcon_core.verb:set package 'px4_msgs' build argument 'cmake_args' from command line to 'None'
[0.571s] Level 5:colcon.colcon_core.verb:set package 'px4_msgs' build argument 'cmake_target' from command line to 'None'
[0.571s] Level 5:colcon.colcon_core.verb:set package 'px4_msgs' build argument 'cmake_target_skip_unavailable' from command line to 'False'
[0.571s] Level 5:colcon.colcon_core.verb:set package 'px4_msgs' build argument 'cmake_clean_cache' from command line to 'False'
[0.571s] Level 5:colcon.colcon_core.verb:set package 'px4_msgs' build argument 'cmake_clean_first' from command line to 'False'
[0.571s] Level 5:colcon.colcon_core.verb:set package 'px4_msgs' build argument 'cmake_force_configure' from command line to 'False'
[0.571s] Level 5:colcon.colcon_core.verb:set package 'px4_msgs' build argument 'ament_cmake_args' from command line to 'None'
[0.571s] Level 5:colcon.colcon_core.verb:set package 'px4_msgs' build argument 'catkin_cmake_args' from command line to 'None'
[0.571s] Level 5:colcon.colcon_core.verb:set package 'px4_msgs' build argument 'catkin_skip_building_tests' from command line to 'False'
[0.571s] DEBUG:colcon.colcon_core.verb:Building package 'px4_msgs' with the following arguments: {'ament_cmake_args': None, 'build_base': '/home/cali/ws_sensor_combined/build/px4_msgs', 'catkin_cmake_args': None, 'catkin_skip_building_tests': False, 'cmake_args': None, 'cmake_clean_cache': False, 'cmake_clean_first': False, 'cmake_force_configure': False, 'cmake_target': None, 'cmake_target_skip_unavailable': False, 'install_base': '/home/cali/ws_sensor_combined/install/px4_msgs', 'merge_install': False, 'path': '/home/cali/ws_sensor_combined/src/px4_msgs', 'symlink_install': False, 'test_result_base': None}
[0.572s] Level 5:colcon.colcon_core.verb:set package 'px4_ros_com' build argument 'cmake_args' from command line to 'None'
[0.572s] Level 5:colcon.colcon_core.verb:set package 'px4_ros_com' build argument 'cmake_target' from command line to 'None'
[0.572s] Level 5:colcon.colcon_core.verb:set package 'px4_ros_com' build argument 'cmake_target_skip_unavailable' from command line to 'False'
[0.572s] Level 5:colcon.colcon_core.verb:set package 'px4_ros_com' build argument 'cmake_clean_cache' from command line to 'False'
[0.572s] Level 5:colcon.colcon_core.verb:set package 'px4_ros_com' build argument 'cmake_clean_first' from command line to 'False'
[0.572s] Level 5:colcon.colcon_core.verb:set package 'px4_ros_com' build argument 'cmake_force_configure' from command line to 'False'
[0.572s] Level 5:colcon.colcon_core.verb:set package 'px4_ros_com' build argument 'ament_cmake_args' from command line to 'None'
[0.572s] Level 5:colcon.colcon_core.verb:set package 'px4_ros_com' build argument 'catkin_cmake_args' from command line to 'None'
[0.572s] Level 5:colcon.colcon_core.verb:set package 'px4_ros_com' build argument 'catkin_skip_building_tests' from command line to 'False'
[0.572s] DEBUG:colcon.colcon_core.verb:Building package 'px4_ros_com' with the following arguments: {'ament_cmake_args': None, 'build_base': '/home/cali/ws_sensor_combined/build/px4_ros_com', 'catkin_cmake_args': None, 'catkin_skip_building_tests': False, 'cmake_args': None, 'cmake_clean_cache': False, 'cmake_clean_first': False, 'cmake_force_configure': False, 'cmake_target': None, 'cmake_target_skip_unavailable': False, 'install_base': '/home/cali/ws_sensor_combined/install/px4_ros_com', 'merge_install': False, 'path': '/home/cali/ws_sensor_combined/src/px4_ros_com', 'symlink_install': False, 'test_result_base': None}
[0.572s] INFO:colcon.colcon_core.executor:Executing jobs using 'parallel' executor
[0.574s] DEBUG:colcon.colcon_parallel_executor.executor.parallel:run_until_complete
[0.574s] INFO:colcon.colcon_ros.task.ament_cmake.build:Building ROS package in '/home/cali/ws_sensor_combined/src/px4_msgs' with build type 'ament_cmake'
[0.574s] INFO:colcon.colcon_cmake.task.cmake.build:Building CMake package in '/home/cali/ws_sensor_combined/src/px4_msgs'
[0.577s] INFO:colcon.colcon_core.plugin_system:Skipping extension 'colcon_core.shell.bat': Not used on non-Windows systems
[0.577s] INFO:colcon.colcon_core.shell:Skip shell extension 'powershell' for command environment: Not usable outside of PowerShell
[0.578s] DEBUG:colcon.colcon_core.shell:Skip shell extension 'dsv' for command environment
[0.587s] DEBUG:colcon.colcon_core.event_handler.log_command:Invoking command in '/home/cali/ws_sensor_combined/build/px4_msgs': CMAKE_PREFIX_PATH=/opt/ros/humble /usr/bin/cmake --build /home/cali/ws_sensor_combined/build/px4_msgs -- -j8 -l8
[2.262s] DEBUG:colcon.colcon_core.event_handler.log_command:Invoked command in '/home/cali/ws_sensor_combined/build/px4_msgs' returned '0': CMAKE_PREFIX_PATH=/opt/ros/humble /usr/bin/cmake --build /home/cali/ws_sensor_combined/build/px4_msgs -- -j8 -l8
[7.962s] DEBUG:colcon.colcon_core.event_handler.log_command:Invoking command in '/home/cali/ws_sensor_combined/build/px4_msgs': CMAKE_PREFIX_PATH=/opt/ros/humble /usr/bin/cmake --install /home/cali/ws_sensor_combined/build/px4_msgs
[9.520s] Level 1:colcon.colcon_core.environment:create_environment_scripts_only(px4_msgs)
[9.520s] DEBUG:colcon.colcon_core.event_handler.log_command:Invoked command in '/home/cali/ws_sensor_combined/build/px4_msgs' returned '0': CMAKE_PREFIX_PATH=/opt/ros/humble /usr/bin/cmake --install /home/cali/ws_sensor_combined/build/px4_msgs
[9.524s] Level 1:colcon.colcon_core.environment:checking '/home/cali/ws_sensor_combined/install/px4_msgs' for CMake module files
[9.525s] Level 1:colcon.colcon_core.environment:checking '/home/cali/ws_sensor_combined/install/px4_msgs' for CMake config files
[9.525s] Level 1:colcon.colcon_core.shell:create_environment_hook('px4_msgs', 'cmake_prefix_path')
[9.525s] INFO:colcon.colcon_core.shell:Creating environment hook '/home/cali/ws_sensor_combined/install/px4_msgs/share/px4_msgs/hook/cmake_prefix_path.ps1'
[9.530s] INFO:colcon.colcon_core.shell:Creating environment descriptor '/home/cali/ws_sensor_combined/install/px4_msgs/share/px4_msgs/hook/cmake_prefix_path.dsv'
[9.531s] INFO:colcon.colcon_core.shell:Creating environment hook '/home/cali/ws_sensor_combined/install/px4_msgs/share/px4_msgs/hook/cmake_prefix_path.sh'
[9.532s] Level 1:colcon.colcon_core.environment:checking '/home/cali/ws_sensor_combined/install/px4_msgs/lib'
[9.532s] Level 1:colcon.colcon_core.shell:create_environment_hook('px4_msgs', 'ld_library_path_lib')
[9.532s] INFO:colcon.colcon_core.shell:Creating environment hook '/home/cali/ws_sensor_combined/install/px4_msgs/share/px4_msgs/hook/ld_library_path_lib.ps1'
[9.533s] INFO:colcon.colcon_core.shell:Creating environment descriptor '/home/cali/ws_sensor_combined/install/px4_msgs/share/px4_msgs/hook/ld_library_path_lib.dsv'
[9.533s] INFO:colcon.colcon_core.shell:Creating environment hook '/home/cali/ws_sensor_combined/install/px4_msgs/share/px4_msgs/hook/ld_library_path_lib.sh'
[9.534s] Level 1:colcon.colcon_core.environment:checking '/home/cali/ws_sensor_combined/install/px4_msgs/bin'
[9.534s] Level 1:colcon.colcon_core.environment:checking '/home/cali/ws_sensor_combined/install/px4_msgs/lib/pkgconfig/px4_msgs.pc'
[9.534s] Level 1:colcon.colcon_core.environment:checking '/home/cali/ws_sensor_combined/install/px4_msgs/lib/python3.10/site-packages'
[9.535s] Level 1:colcon.colcon_core.environment:checking '/home/cali/ws_sensor_combined/install/px4_msgs/bin'
[9.535s] INFO:colcon.colcon_core.shell:Creating package script '/home/cali/ws_sensor_combined/install/px4_msgs/share/px4_msgs/package.ps1'
[9.536s] INFO:colcon.colcon_core.shell:Creating package descriptor '/home/cali/ws_sensor_combined/install/px4_msgs/share/px4_msgs/package.dsv'
[9.536s] INFO:colcon.colcon_core.shell:Creating package script '/home/cali/ws_sensor_combined/install/px4_msgs/share/px4_msgs/package.sh'
[9.537s] INFO:colcon.colcon_core.shell:Creating package script '/home/cali/ws_sensor_combined/install/px4_msgs/share/px4_msgs/package.bash'
[9.538s] INFO:colcon.colcon_core.shell:Creating package script '/home/cali/ws_sensor_combined/install/px4_msgs/share/px4_msgs/package.zsh'
[9.539s] Level 1:colcon.colcon_core.environment:create_file_with_runtime_dependencies(/home/cali/ws_sensor_combined/install/px4_msgs/share/colcon-core/packages/px4_msgs)
[15.227s] Level 1:colcon.colcon_core.environment:create_environment_scripts_only(px4_msgs)
[15.228s] Level 1:colcon.colcon_core.environment:checking '/home/cali/ws_sensor_combined/install/px4_msgs' for CMake module files
[15.229s] Level 1:colcon.colcon_core.environment:checking '/home/cali/ws_sensor_combined/install/px4_msgs' for CMake config files
[15.229s] Level 1:colcon.colcon_core.shell:create_environment_hook('px4_msgs', 'cmake_prefix_path')
[15.229s] INFO:colcon.colcon_core.shell:Creating environment hook '/home/cali/ws_sensor_combined/install/px4_msgs/share/px4_msgs/hook/cmake_prefix_path.ps1'
[15.230s] INFO:colcon.colcon_core.shell:Creating environment descriptor '/home/cali/ws_sensor_combined/install/px4_msgs/share/px4_msgs/hook/cmake_prefix_path.dsv'
[15.231s] INFO:colcon.colcon_core.shell:Creating environment hook '/home/cali/ws_sensor_combined/install/px4_msgs/share/px4_msgs/hook/cmake_prefix_path.sh'
[15.232s] Level 1:colcon.colcon_core.environment:checking '/home/cali/ws_sensor_combined/install/px4_msgs/lib'
[15.232s] Level 1:colcon.colcon_core.shell:create_environment_hook('px4_msgs', 'ld_library_path_lib')
[15.232s] INFO:colcon.colcon_core.shell:Creating environment hook '/home/cali/ws_sensor_combined/install/px4_msgs/share/px4_msgs/hook/ld_library_path_lib.ps1'
[15.233s] INFO:colcon.colcon_core.shell:Creating environment descriptor '/home/cali/ws_sensor_combined/install/px4_msgs/share/px4_msgs/hook/ld_library_path_lib.dsv'
[15.233s] INFO:colcon.colcon_core.shell:Creating environment hook '/home/cali/ws_sensor_combined/install/px4_msgs/share/px4_msgs/hook/ld_library_path_lib.sh'
[15.233s] Level 1:colcon.colcon_core.environment:checking '/home/cali/ws_sensor_combined/install/px4_msgs/bin'
[15.234s] Level 1:colcon.colcon_core.environment:checking '/home/cali/ws_sensor_combined/install/px4_msgs/lib/pkgconfig/px4_msgs.pc'
[15.234s] Level 1:colcon.colcon_core.environment:checking '/home/cali/ws_sensor_combined/install/px4_msgs/lib/python3.10/site-packages'
[15.234s] Level 1:colcon.colcon_core.environment:checking '/home/cali/ws_sensor_combined/install/px4_msgs/bin'
[15.235s] INFO:colcon.colcon_core.shell:Creating package script '/home/cali/ws_sensor_combined/install/px4_msgs/share/px4_msgs/package.ps1'
[15.235s] INFO:colcon.colcon_core.shell:Creating package descriptor '/home/cali/ws_sensor_combined/install/px4_msgs/share/px4_msgs/package.dsv'
[15.236s] INFO:colcon.colcon_core.shell:Creating package script '/home/cali/ws_sensor_combined/install/px4_msgs/share/px4_msgs/package.sh'
[15.236s] INFO:colcon.colcon_core.shell:Creating package script '/home/cali/ws_sensor_combined/install/px4_msgs/share/px4_msgs/package.bash'
[15.237s] INFO:colcon.colcon_core.shell:Creating package script '/home/cali/ws_sensor_combined/install/px4_msgs/share/px4_msgs/package.zsh'
[15.237s] Level 1:colcon.colcon_core.environment:create_file_with_runtime_dependencies(/home/cali/ws_sensor_combined/install/px4_msgs/share/colcon-core/packages/px4_msgs)
[15.237s] INFO:colcon.colcon_ros.task.ament_cmake.build:Building ROS package in '/home/cali/ws_sensor_combined/src/px4_ros_com' with build type 'ament_cmake'
[15.238s] INFO:colcon.colcon_cmake.task.cmake.build:Building CMake package in '/home/cali/ws_sensor_combined/src/px4_ros_com'
[15.238s] INFO:colcon.colcon_core.shell:Skip shell extension 'powershell' for command environment: Not usable outside of PowerShell
[15.238s] DEBUG:colcon.colcon_core.shell:Skip shell extension 'dsv' for command environment
[15.248s] DEBUG:colcon.colcon_core.event_handler.log_command:Invoking command in '/home/cali/ws_sensor_combined/build/px4_ros_com': AMENT_PREFIX_PATH=/home/cali/ws_sensor_combined/install/px4_msgs:${AMENT_PREFIX_PATH} CMAKE_PREFIX_PATH=/home/cali/ws_sensor_combined/install/px4_msgs:/opt/ros/humble LD_LIBRARY_PATH=/home/cali/ws_sensor_combined/install/px4_msgs/lib:${LD_LIBRARY_PATH} PYTHONPATH=/home/cali/ws_sensor_combined/install/px4_msgs/local/lib/python3.10/dist-packages:${PYTHONPATH} /usr/bin/cmake /home/cali/ws_sensor_combined/src/px4_ros_com -DCMAKE_INSTALL_PREFIX=/home/cali/ws_sensor_combined/install/px4_ros_com
[16.961s] DEBUG:colcon.colcon_core.event_handler.log_command:Invoked command in '/home/cali/ws_sensor_combined/build/px4_ros_com' returned '0': AMENT_PREFIX_PATH=/home/cali/ws_sensor_combined/install/px4_msgs:${AMENT_PREFIX_PATH} CMAKE_PREFIX_PATH=/home/cali/ws_sensor_combined/install/px4_msgs:/opt/ros/humble LD_LIBRARY_PATH=/home/cali/ws_sensor_combined/install/px4_msgs/lib:${LD_LIBRARY_PATH} PYTHONPATH=/home/cali/ws_sensor_combined/install/px4_msgs/local/lib/python3.10/dist-packages:${PYTHONPATH} /usr/bin/cmake /home/cali/ws_sensor_combined/src/px4_ros_com -DCMAKE_INSTALL_PREFIX=/home/cali/ws_sensor_combined/install/px4_ros_com
[16.963s] DEBUG:colcon.colcon_core.event_handler.log_command:Invoking command in '/home/cali/ws_sensor_combined/build/px4_ros_com': AMENT_PREFIX_PATH=/home/cali/ws_sensor_combined/install/px4_msgs:${AMENT_PREFIX_PATH} CMAKE_PREFIX_PATH=/home/cali/ws_sensor_combined/install/px4_msgs:/opt/ros/humble LD_LIBRARY_PATH=/home/cali/ws_sensor_combined/install/px4_msgs/lib:${LD_LIBRARY_PATH} PYTHONPATH=/home/cali/ws_sensor_combined/install/px4_msgs/local/lib/python3.10/dist-packages:${PYTHONPATH} /usr/bin/cmake --build /home/cali/ws_sensor_combined/build/px4_ros_com -- -j8 -l8
[40.178s] DEBUG:colcon.colcon_core.event_handler.log_command:Invoked command in '/home/cali/ws_sensor_combined/build/px4_ros_com' returned '0': AMENT_PREFIX_PATH=/home/cali/ws_sensor_combined/install/px4_msgs:${AMENT_PREFIX_PATH} CMAKE_PREFIX_PATH=/home/cali/ws_sensor_combined/install/px4_msgs:/opt/ros/humble LD_LIBRARY_PATH=/home/cali/ws_sensor_combined/install/px4_msgs/lib:${LD_LIBRARY_PATH} PYTHONPATH=/home/cali/ws_sensor_combined/install/px4_msgs/local/lib/python3.10/dist-packages:${PYTHONPATH} /usr/bin/cmake --build /home/cali/ws_sensor_combined/build/px4_ros_com -- -j8 -l8
[40.253s] DEBUG:colcon.colcon_core.event_handler.log_command:Invoking command in '/home/cali/ws_sensor_combined/build/px4_ros_com': AMENT_PREFIX_PATH=/home/cali/ws_sensor_combined/install/px4_msgs:${AMENT_PREFIX_PATH} CMAKE_PREFIX_PATH=/home/cali/ws_sensor_combined/install/px4_msgs:/opt/ros/humble LD_LIBRARY_PATH=/home/cali/ws_sensor_combined/install/px4_msgs/lib:${LD_LIBRARY_PATH} PYTHONPATH=/home/cali/ws_sensor_combined/install/px4_msgs/local/lib/python3.10/dist-packages:${PYTHONPATH} /usr/bin/cmake --install /home/cali/ws_sensor_combined/build/px4_ros_com
[40.391s] Level 1:colcon.colcon_core.environment:create_environment_scripts_only(px4_ros_com)
[40.392s] Level 1:colcon.colcon_core.environment:checking '/home/cali/ws_sensor_combined/install/px4_ros_com' for CMake module files
[40.393s] DEBUG:colcon.colcon_core.event_handler.log_command:Invoked command in '/home/cali/ws_sensor_combined/build/px4_ros_com' returned '0': AMENT_PREFIX_PATH=/home/cali/ws_sensor_combined/install/px4_msgs:${AMENT_PREFIX_PATH} CMAKE_PREFIX_PATH=/home/cali/ws_sensor_combined/install/px4_msgs:/opt/ros/humble LD_LIBRARY_PATH=/home/cali/ws_sensor_combined/install/px4_msgs/lib:${LD_LIBRARY_PATH} PYTHONPATH=/home/cali/ws_sensor_combined/install/px4_msgs/local/lib/python3.10/dist-packages:${PYTHONPATH} /usr/bin/cmake --install /home/cali/ws_sensor_combined/build/px4_ros_com
[40.394s] Level 1:colcon.colcon_core.environment:checking '/home/cali/ws_sensor_combined/install/px4_ros_com' for CMake config files
[40.395s] Level 1:colcon.colcon_core.shell:create_environment_hook('px4_ros_com', 'cmake_prefix_path')
[40.396s] INFO:colcon.colcon_core.shell:Creating environment hook '/home/cali/ws_sensor_combined/install/px4_ros_com/share/px4_ros_com/hook/cmake_prefix_path.ps1'
[40.397s] INFO:colcon.colcon_core.shell:Creating environment descriptor '/home/cali/ws_sensor_combined/install/px4_ros_com/share/px4_ros_com/hook/cmake_prefix_path.dsv'
[40.397s] INFO:colcon.colcon_core.shell:Creating environment hook '/home/cali/ws_sensor_combined/install/px4_ros_com/share/px4_ros_com/hook/cmake_prefix_path.sh'
[40.398s] Level 1:colcon.colcon_core.environment:checking '/home/cali/ws_sensor_combined/install/px4_ros_com/lib'
[40.398s] Level 1:colcon.colcon_core.shell:create_environment_hook('px4_ros_com', 'ld_library_path_lib')
[40.399s] INFO:colcon.colcon_core.shell:Creating environment hook '/home/cali/ws_sensor_combined/install/px4_ros_com/share/px4_ros_com/hook/ld_library_path_lib.ps1'
[40.400s] INFO:colcon.colcon_core.shell:Creating environment descriptor '/home/cali/ws_sensor_combined/install/px4_ros_com/share/px4_ros_com/hook/ld_library_path_lib.dsv'
[40.400s] INFO:colcon.colcon_core.shell:Creating environment hook '/home/cali/ws_sensor_combined/install/px4_ros_com/share/px4_ros_com/hook/ld_library_path_lib.sh'
[40.401s] Level 1:colcon.colcon_core.environment:checking '/home/cali/ws_sensor_combined/install/px4_ros_com/bin'
[40.401s] Level 1:colcon.colcon_core.environment:checking '/home/cali/ws_sensor_combined/install/px4_ros_com/lib/pkgconfig/px4_ros_com.pc'
[40.402s] Level 1:colcon.colcon_core.environment:checking '/home/cali/ws_sensor_combined/install/px4_ros_com/lib/python3.10/site-packages'
[40.402s] Level 1:colcon.colcon_core.environment:checking '/home/cali/ws_sensor_combined/install/px4_ros_com/bin'
[40.404s] INFO:colcon.colcon_core.shell:Creating package script '/home/cali/ws_sensor_combined/install/px4_ros_com/share/px4_ros_com/package.ps1'
[40.405s] INFO:colcon.colcon_core.shell:Creating package descriptor '/home/cali/ws_sensor_combined/install/px4_ros_com/share/px4_ros_com/package.dsv'
[40.406s] INFO:colcon.colcon_core.shell:Creating package script '/home/cali/ws_sensor_combined/install/px4_ros_com/share/px4_ros_com/package.sh'
[40.407s] INFO:colcon.colcon_core.shell:Creating package script '/home/cali/ws_sensor_combined/install/px4_ros_com/share/px4_ros_com/package.bash'
[40.408s] INFO:colcon.colcon_core.shell:Creating package script '/home/cali/ws_sensor_combined/install/px4_ros_com/share/px4_ros_com/package.zsh'
[40.409s] Level 1:colcon.colcon_core.environment:create_file_with_runtime_dependencies(/home/cali/ws_sensor_combined/install/px4_ros_com/share/colcon-core/packages/px4_ros_com)
[40.484s] Level 1:colcon.colcon_core.environment:create_environment_scripts_only(px4_ros_com)
[40.484s] Level 1:colcon.colcon_core.environment:checking '/home/cali/ws_sensor_combined/install/px4_ros_com' for CMake module files
[40.486s] Level 1:colcon.colcon_core.environment:checking '/home/cali/ws_sensor_combined/install/px4_ros_com' for CMake config files
[40.486s] Level 1:colcon.colcon_core.shell:create_environment_hook('px4_ros_com', 'cmake_prefix_path')
[40.487s] INFO:colcon.colcon_core.shell:Creating environment hook '/home/cali/ws_sensor_combined/install/px4_ros_com/share/px4_ros_com/hook/cmake_prefix_path.ps1'
[40.488s] INFO:colcon.colcon_core.shell:Creating environment descriptor '/home/cali/ws_sensor_combined/install/px4_ros_com/share/px4_ros_com/hook/cmake_prefix_path.dsv'
[40.489s] INFO:colcon.colcon_core.shell:Creating environment hook '/home/cali/ws_sensor_combined/install/px4_ros_com/share/px4_ros_com/hook/cmake_prefix_path.sh'
[40.490s] Level 1:colcon.colcon_core.environment:checking '/home/cali/ws_sensor_combined/install/px4_ros_com/lib'
[40.490s] Level 1:colcon.colcon_core.shell:create_environment_hook('px4_ros_com', 'ld_library_path_lib')
[40.491s] INFO:colcon.colcon_core.shell:Creating environment hook '/home/cali/ws_sensor_combined/install/px4_ros_com/share/px4_ros_com/hook/ld_library_path_lib.ps1'
[40.491s] INFO:colcon.colcon_core.shell:Creating environment descriptor '/home/cali/ws_sensor_combined/install/px4_ros_com/share/px4_ros_com/hook/ld_library_path_lib.dsv'
[40.492s] INFO:colcon.colcon_core.shell:Creating environment hook '/home/cali/ws_sensor_combined/install/px4_ros_com/share/px4_ros_com/hook/ld_library_path_lib.sh'
[40.493s] Level 1:colcon.colcon_core.environment:checking '/home/cali/ws_sensor_combined/install/px4_ros_com/bin'
[40.493s] Level 1:colcon.colcon_core.environment:checking '/home/cali/ws_sensor_combined/install/px4_ros_com/lib/pkgconfig/px4_ros_com.pc'
[40.493s] Level 1:colcon.colcon_core.environment:checking '/home/cali/ws_sensor_combined/install/px4_ros_com/lib/python3.10/site-packages'
[40.494s] Level 1:colcon.colcon_core.environment:checking '/home/cali/ws_sensor_combined/install/px4_ros_com/bin'
[40.495s] INFO:colcon.colcon_core.shell:Creating package script '/home/cali/ws_sensor_combined/install/px4_ros_com/share/px4_ros_com/package.ps1'
[40.496s] INFO:colcon.colcon_core.shell:Creating package descriptor '/home/cali/ws_sensor_combined/install/px4_ros_com/share/px4_ros_com/package.dsv'
[40.497s] INFO:colcon.colcon_core.shell:Creating package script '/home/cali/ws_sensor_combined/install/px4_ros_com/share/px4_ros_com/package.sh'
[40.498s] INFO:colcon.colcon_core.shell:Creating package script '/home/cali/ws_sensor_combined/install/px4_ros_com/share/px4_ros_com/package.bash'
[40.498s] INFO:colcon.colcon_core.shell:Creating package script '/home/cali/ws_sensor_combined/install/px4_ros_com/share/px4_ros_com/package.zsh'
[40.499s] Level 1:colcon.colcon_core.environment:create_file_with_runtime_dependencies(/home/cali/ws_sensor_combined/install/px4_ros_com/share/colcon-core/packages/px4_ros_com)
[40.499s] DEBUG:colcon.colcon_parallel_executor.executor.parallel:closing loop
[40.500s] DEBUG:colcon.colcon_parallel_executor.executor.parallel:loop closed
[40.500s] DEBUG:colcon.colcon_parallel_executor.executor.parallel:run_until_complete finished with '0'
[40.500s] DEBUG:colcon.colcon_core.event_reactor:joining thread
[40.510s] INFO:colcon.colcon_core.plugin_system:Skipping extension 'colcon_notification.desktop_notification.terminal_notifier': Not used on non-Darwin systems
[40.510s] INFO:colcon.colcon_core.plugin_system:Skipping extension 'colcon_notification.desktop_notification.win32': Not used on non-Windows systems
[40.510s] INFO:colcon.colcon_notification.desktop_notification:Sending desktop notification using 'notify2'
[40.528s] DEBUG:colcon.colcon_core.event_reactor:joined thread
[40.529s] INFO:colcon.colcon_core.shell:Creating prefix script '/home/cali/ws_sensor_combined/install/local_setup.ps1'
[40.531s] INFO:colcon.colcon_core.shell:Creating prefix util module '/home/cali/ws_sensor_combined/install/_local_setup_util_ps1.py'
[40.534s] INFO:colcon.colcon_core.shell:Creating prefix chain script '/home/cali/ws_sensor_combined/install/setup.ps1'
[40.536s] INFO:colcon.colcon_core.shell:Creating prefix script '/home/cali/ws_sensor_combined/install/local_setup.sh'
[40.538s] INFO:colcon.colcon_core.shell:Creating prefix util module '/home/cali/ws_sensor_combined/install/_local_setup_util_sh.py'
[40.540s] INFO:colcon.colcon_core.shell:Creating prefix chain script '/home/cali/ws_sensor_combined/install/setup.sh'
[40.542s] INFO:colcon.colcon_core.shell:Creating prefix script '/home/cali/ws_sensor_combined/install/local_setup.bash'
[40.543s] INFO:colcon.colcon_core.shell:Creating prefix chain script '/home/cali/ws_sensor_combined/install/setup.bash'
[40.546s] INFO:colcon.colcon_core.shell:Creating prefix script '/home/cali/ws_sensor_combined/install/local_setup.zsh'
[40.547s] INFO:colcon.colcon_core.shell:Creating prefix chain script '/home/cali/ws_sensor_combined/install/setup.zsh'
