[0.014s] Invoking command in '/home/cali/ws_sensor_combined/build/px4_msgs': CMAKE_PREFIX_PATH=/opt/ros/humble /usr/bin/cmake --build /home/cali/ws_sensor_combined/build/px4_msgs -- -j8 -l8
[0.982s] [  0%] Built target px4_msgs__cpp
[1.015s] [  0%] Built target ament_cmake_python_copy_px4_msgs
[1.043s] [ 12%] Built target px4_msgs__rosidl_generator_c
[1.138s] [ 24%] Built target px4_msgs__rosidl_typesupport_cpp
[1.197s] [ 37%] Built target px4_msgs__rosidl_typesupport_introspection_cpp
[1.222s] [ 50%] Built target px4_msgs__rosidl_typesupport_c
[1.315s] [ 63%] Built target px4_msgs__rosidl_typesupport_introspection_c
[1.399s] running egg_info
[1.400s] [ 76%] Built target px4_msgs__rosidl_typesupport_fastrtps_c
[1.429s] writing px4_msgs.egg-info/PKG-INFO
[1.430s] writing dependency_links to px4_msgs.egg-info/dependency_links.txt
[1.430s] writing top-level names to px4_msgs.egg-info/top_level.txt
[1.505s] [ 88%] Built target px4_msgs__rosidl_typesupport_fastrtps_cpp
[1.514s] reading manifest file 'px4_msgs.egg-info/SOURCES.txt'
[1.531s] [ 88%] Built target px4_msgs
[1.536s] Traceback (most recent call last):
[1.536s]   File "/home/cali/ws_sensor_combined/build/px4_msgs/ament_cmake_python/px4_msgs/setup.py", line 4, in <module>
[1.536s]     setup(
[1.536s]   File "/home/cali/.local/lib/python3.10/site-packages/setuptools/__init__.py", line 117, in setup
[1.537s]     return distutils.core.setup(**attrs)
[1.537s]   File "/home/cali/.local/lib/python3.10/site-packages/setuptools/_distutils/core.py", line 183, in setup
[1.537s]     return run_commands(dist)
[1.537s]   File "/home/cali/.local/lib/python3.10/site-packages/setuptools/_distutils/core.py", line 199, in run_commands
[1.537s]     dist.run_commands()
[1.537s]   File "/home/cali/.local/lib/python3.10/site-packages/setuptools/_distutils/dist.py", line 954, in run_commands
[1.537s]     self.run_command(cmd)
[1.537s]   File "/home/cali/.local/lib/python3.10/site-packages/setuptools/dist.py", line 950, in run_command
[1.538s]     super().run_command(command)
[1.538s]   File "/home/cali/.local/lib/python3.10/site-packages/setuptools/_distutils/dist.py", line 973, in run_command
[1.538s]     cmd_obj.run()
[1.538s]   File "/home/cali/.local/lib/python3.10/site-packages/setuptools/command/egg_info.py", line 311, in run
[1.538s]     self.find_sources()
[1.538s]   File "/home/cali/.local/lib/python3.10/site-packages/setuptools/command/egg_info.py", line 319, in find_sources
[1.538s]     mm.run()
[1.538s]   File "/home/cali/.local/lib/python3.10/site-packages/setuptools/command/egg_info.py", line 545, in run
[1.538s]     self.prune_file_list()
[1.538s]   File "/home/cali/.local/lib/python3.10/site-packages/setuptools/command/sdist.py", line 161, in prune_file_list
[1.539s]     super().prune_file_list()
[1.539s]   File "/home/cali/.local/lib/python3.10/site-packages/setuptools/_distutils/command/sdist.py", line 380, in prune_file_list
[1.539s]     base_dir = self.distribution.get_fullname()
[1.539s]   File "/home/cali/.local/lib/python3.10/site-packages/setuptools/_core_metadata.py", line 267, in get_fullname
[1.539s]     return _distribution_fullname(self.get_name(), self.get_version())
[1.539s]   File "/home/cali/.local/lib/python3.10/site-packages/setuptools/_core_metadata.py", line 285, in _distribution_fullname
[1.539s]     canonicalize_version(version, strip_trailing_zero=False),
[1.539s] TypeError: canonicalize_version() got an unexpected keyword argument 'strip_trailing_zero'
[1.575s] [ 88%] Built target px4_msgs__py
[1.580s] gmake[2]: *** [CMakeFiles/ament_cmake_python_build_px4_msgs_egg.dir/build.make:70: CMakeFiles/ament_cmake_python_build_px4_msgs_egg] Error 1
[1.580s] gmake[1]: *** [CMakeFiles/Makefile2:447: CMakeFiles/ament_cmake_python_build_px4_msgs_egg.dir/all] Error 2
[1.580s] gmake[1]: *** Waiting for unfinished jobs....
[1.658s] [35m[1mConsolidate compiler generated dependencies of target px4_msgs__rosidl_generator_py[0m
[1.888s] [100%] Built target px4_msgs__rosidl_generator_py
[1.890s] gmake: *** [Makefile:146: all] Error 2
[1.893s] Invoked command in '/home/cali/ws_sensor_combined/build/px4_msgs' returned '2': CMAKE_PREFIX_PATH=/opt/ros/humble /usr/bin/cmake --build /home/cali/ws_sensor_combined/build/px4_msgs -- -j8 -l8
