[  0%] Built target px4_msgs__cpp
[  0%] Built target ament_cmake_python_copy_px4_msgs
[ 12%] Built target px4_msgs__rosidl_generator_c
[ 25%] Built target px4_msgs__rosidl_typesupport_c
[ 37%] Built target px4_msgs__rosidl_typesupport_cpp
[ 50%] Built target px4_msgs__rosidl_typesupport_introspection_c
[ 63%] Built target px4_msgs__rosidl_typesupport_introspection_cpp
[ 75%] Built target px4_msgs__rosidl_typesupport_fastrtps_cpp
[ 88%] Built target px4_msgs__rosidl_typesupport_fastrtps_c
[ 88%] Built target px4_msgs
[ 88%] Built target px4_msgs__py
running egg_info
writing px4_msgs.egg-info/PKG-INFO
writing dependency_links to px4_msgs.egg-info/dependency_links.txt
writing top-level names to px4_msgs.egg-info/top_level.txt
reading manifest file 'px4_msgs.egg-info/SOURCES.txt'
Traceback (most recent call last):
  File "/home/cali/ws_sensor_combined/build/px4_msgs/ament_cmake_python/px4_msgs/setup.py", line 4, in <module>
    setup(
  File "/home/cali/.local/lib/python3.10/site-packages/setuptools/__init__.py", line 117, in setup
    return distutils.core.setup(**attrs)
  File "/home/cali/.local/lib/python3.10/site-packages/setuptools/_distutils/core.py", line 183, in setup
    return run_commands(dist)
  File "/home/cali/.local/lib/python3.10/site-packages/setuptools/_distutils/core.py", line 199, in run_commands
    dist.run_commands()
  File "/home/cali/.local/lib/python3.10/site-packages/setuptools/_distutils/dist.py", line 954, in run_commands
    self.run_command(cmd)
  File "/home/cali/.local/lib/python3.10/site-packages/setuptools/dist.py", line 950, in run_command
    super().run_command(command)
  File "/home/cali/.local/lib/python3.10/site-packages/setuptools/_distutils/dist.py", line 973, in run_command
    cmd_obj.run()
  File "/home/cali/.local/lib/python3.10/site-packages/setuptools/command/egg_info.py", line 311, in run
    self.find_sources()
  File "/home/cali/.local/lib/python3.10/site-packages/setuptools/command/egg_info.py", line 319, in find_sources
    mm.run()
  File "/home/cali/.local/lib/python3.10/site-packages/setuptools/command/egg_info.py", line 545, in run
    self.prune_file_list()
  File "/home/cali/.local/lib/python3.10/site-packages/setuptools/command/sdist.py", line 161, in prune_file_list
    super().prune_file_list()
  File "/home/cali/.local/lib/python3.10/site-packages/setuptools/_distutils/command/sdist.py", line 380, in prune_file_list
    base_dir = self.distribution.get_fullname()
  File "/home/cali/.local/lib/python3.10/site-packages/setuptools/_core_metadata.py", line 267, in get_fullname
    return _distribution_fullname(self.get_name(), self.get_version())
  File "/home/cali/.local/lib/python3.10/site-packages/setuptools/_core_metadata.py", line 285, in _distribution_fullname
    canonicalize_version(version, strip_trailing_zero=False),
TypeError: canonicalize_version() got an unexpected keyword argument 'strip_trailing_zero'
[100%] Built target px4_msgs__rosidl_generator_py
[35m[1mConsolidate compiler generated dependencies of target px4_msgs__rosidl_typesupport_introspection_c__pyext[0m
[35m[1mConsolidate compiler generated dependencies of target px4_msgs__rosidl_typesupport_fastrtps_c__pyext[0m
[35m[1mConsolidate compiler generated dependencies of target px4_msgs__rosidl_typesupport_c__pyext[0m
gmake[2]: *** [CMakeFiles/ament_cmake_python_build_px4_msgs_egg.dir/build.make:70: CMakeFiles/ament_cmake_python_build_px4_msgs_egg] Error 1
gmake[1]: *** [CMakeFiles/Makefile2:447: CMakeFiles/ament_cmake_python_build_px4_msgs_egg.dir/all] Error 2
gmake[1]: *** Waiting for unfinished jobs....
[100%] Built target px4_msgs__rosidl_typesupport_fastrtps_c__pyext
[100%] Built target px4_msgs__rosidl_typesupport_c__pyext
[100%] Built target px4_msgs__rosidl_typesupport_introspection_c__pyext
gmake: *** [Makefile:146: all] Error 2
