[  0%] Built target px4_msgs__cpp
[  0%] Built target ament_cmake_python_copy_px4_msgs
[ 12%] Built target px4_msgs__rosidl_generator_c
[ 25%] Built target px4_msgs__rosidl_typesupport_c
[ 37%] Built target px4_msgs__rosidl_typesupport_cpp
[ 50%] Built target px4_msgs__rosidl_typesupport_introspection_c
[ 63%] Built target px4_msgs__rosidl_typesupport_introspection_cpp
[ 75%] Built target px4_msgs__rosidl_typesupport_fastrtps_cpp
[ 88%] Built target px4_msgs__rosidl_typesupport_fastrtps_c
[ 88%] Built target px4_msgs
[ 88%] Built target px4_msgs__py
running egg_info
writing px4_msgs.egg-info/PKG-INFO
writing dependency_links to px4_msgs.egg-info/dependency_links.txt
writing top-level names to px4_msgs.egg-info/top_level.txt
reading manifest file 'px4_msgs.egg-info/SOURCES.txt'
[100%] Built target px4_msgs__rosidl_generator_py
[35m[1mConsolidate compiler generated dependencies of target px4_msgs__rosidl_typesupport_introspection_c__pyext[0m
[35m[1mConsolidate compiler generated dependencies of target px4_msgs__rosidl_typesupport_fastrtps_c__pyext[0m
[35m[1mConsolidate compiler generated dependencies of target px4_msgs__rosidl_typesupport_c__pyext[0m
[100%] Built target px4_msgs__rosidl_typesupport_fastrtps_c__pyext
[100%] Built target px4_msgs__rosidl_typesupport_c__pyext
[100%] Built target px4_msgs__rosidl_typesupport_introspection_c__pyext
